
> asset@1.0.0 start
> nodemon index.js

[33m[nodemon] 3.1.14[39m
[33m[nodemon] to restart at any time, enter `rs`[39m
[33m[nodemon] watching path(s): *.*[39m
[33m[nodemon] watching extensions: js,mjs,cjs,json[39m
[32m[nodemon] starting `node index.js`[39m
◇ injected env (6) from .env // tip: ⌘ enable debugging { debug: true }
Database connected successfully!
Server is running on port: 7000
[31m[nodemon] app crashed - waiting for file changes before starting...[39m
[32m[nodemon] restarting due to changes...[39m
[32m[nodemon] starting `node index.js`[39m
◇ injected env (6) from .env // tip: ⌘ enable debugging { debug: true }
Database connected successfully!
Server is running on port: 7000
[32m[nodemon] restarting due to changes...[39m
[32m[nodemon] starting `node index.js`[39m
◇ injected env (6) from .env // tip: ⌘ enable debugging { debug: true }
Database connected successfully!
Server is running on port: 7000
[32m[nodemon] restarting due to changes...[39m
[32m[nodemon] starting `node index.js`[39m
◇ injected env (6) from .env // tip: ◈ secrets for agents [www.dotenvx.com]
Database connected successfully!
Server is running on port: 7000
[32m[nodemon] restarting due to changes...[39m
[32m[nodemon] starting `node index.js`[39m
◇ injected env (6) from .env // tip: ⌘ multiple files { path: ['.env.local', '.env'] }
Database connected successfully!
Server is running on port: 7000
[32m[nodemon] restarting due to changes...[39m
[32m[nodemon] starting `node index.js`[39m
◇ injected env (6) from .env // tip: ◈ secrets for agents [www.dotenvx.com]
Database connected successfully!
Server is running on port: 7000
[32m[nodemon] restarting due to changes...[39m
[32m[nodemon] starting `node index.js`[39m
[31m[nodemon] app crashed - waiting for file changes before starting...[39m
[32m[nodemon] restarting due to changes...[39m
[32m[nodemon] starting `node index.js`[39m
[31m[nodemon] app crashed - waiting for file changes before starting...[39m
[32m[nodemon] restarting due to changes...[39m
[32m[nodemon] starting `node index.js`[39m
[31m[nodemon] app crashed - waiting for file changes before starting...[39m
[32m[nodemon] restarting due to changes...[39m
[32m[nodemon] starting `node index.js`[39m
◇ injected env (6) from .env // tip: ◈ encrypted .env [www.dotenvx.com]
Database connected successfully!
Server is running on port: 7000
[32m[nodemon] restarting due to changes...[39m
[32m[nodemon] starting `node index.js`[39m
[31m[nodemon] app crashed - waiting for file changes before starting...[39m
[32m[nodemon] restarting due to changes...[39m
[32m[nodemon] starting `node index.js`[39m
[31m[nodemon] app crashed - waiting for file changes before starting...[39m
[32m[nodemon] restarting due to changes...[39m
[32m[nodemon] starting `node index.js`[39m
[31m[nodemon] app crashed - waiting for file changes before starting...[39m
[32m[nodemon] restarting due to changes...[39m
[32m[nodemon] starting `node index.js`[39m
◇ injected env (6) from .env // tip: ⌘ enable debugging { debug: true }
Database connected successfully!
Server is running on port: 7000
[32m[nodemon] restarting due to changes...[39m
[32m[nodemon] starting `node index.js`[39m
◇ injected env (6) from .env // tip: ◈ secrets for agents [www.dotenvx.com]
Database connected successfully!
Server is running on port: 7000
[32m[nodemon] restarting due to changes...[39m
[32m[nodemon] starting `node index.js`[39m
◇ injected env (6) from .env // tip: ⌘ override existing { override: true }
Database connected successfully!
Server is running on port: 7000
[32m[nodemon] restarting due to changes...[39m
[32m[nodemon] starting `node index.js`[39m
◇ injected env (6) from .env // tip: ◈ secrets for agents [www.dotenvx.com]
Database connected successfully!
Server is running on port: 7000
[32m[nodemon] restarting due to changes...[39m
[32m[nodemon] starting `node index.js`[39m
◇ injected env (6) from .env // tip: ◈ encrypted .env [www.dotenvx.com]
Database connected successfully!
Server is running on port: 7000
[32m[nodemon] restarting due to changes...[39m
[32m[nodemon] restarting due to changes...[39m
[32m[nodemon] starting `node index.js`[39m
◇ injected env (6) from .env // tip: ◈ secrets for agents [www.dotenvx.com]
Database connected successfully!
Server is running on port: 7000
[32m[nodemon] restarting due to changes...[39m
[32m[nodemon] starting `node index.js`[39m
[31m[nodemon] app crashed - waiting for file changes before starting...[39m
[32m[nodemon] restarting due to changes...[39m
[32m[nodemon] starting `node index.js`[39m
◇ injected env (6) from .env // tip: ⌘ override existing { override: true }
Database connected successfully!
Server is running on port: 7000
[32m[nodemon] restarting due to changes...[39m
[32m[nodemon] starting `node index.js`[39m
◇ injected env (6) from .env // tip: ⌘ multiple files { path: ['.env.local', '.env'] }
Database connected successfully!
Server is running on port: 7000
[32m[nodemon] restarting due to changes...[39m
[32m[nodemon] starting `node index.js`[39m
◇ injected env (6) from .env // tip: ⌘ custom filepath { path: '/custom/path/.env' }
Database connected successfully!
Server is running on port: 7000
[32m[nodemon] restarting due to changes...[39m
[32m[nodemon] restarting due to changes...[39m
[32m[nodemon] starting `node index.js`[39m
◇ injected env (6) from .env // tip: ◈ encrypted .env [www.dotenvx.com]
[32m[nodemon] clean exit - waiting for changes before restart[39m
[32m[nodemon] restarting due to changes...[39m
[32m[nodemon] starting `node index.js`[39m
◇ injected env (6) from .env // tip: ⌘ enable debugging { debug: true }
[32m[nodemon] restarting due to changes...[39m
[32m[nodemon] starting `node index.js`[39m
◇ injected env (6) from .env // tip: ⌘ suppress logs { quiet: true }
[32m[nodemon] clean exit - waiting for changes before restart[39m
[32m[nodemon] restarting due to changes...[39m
[32m[nodemon] starting `node index.js`[39m
◇ injected env (6) from .env // tip: ⌘ enable debugging { debug: true }
[32m[nodemon] restarting due to changes...[39m
[32m[nodemon] starting `node index.js`[39m
◇ injected env (6) from .env // tip: ⌘ enable debugging { debug: true }
[32m[nodemon] restarting due to changes...[39m
[32m[nodemon] starting `node index.js`[39m
◇ injected env (6) from .env // tip: ◈ secrets for agents [www.dotenvx.com]
[32m[nodemon] clean exit - waiting for changes before restart[39m
[32m[nodemon] restarting due to changes...[39m
[32m[nodemon] starting `node index.js`[39m
◇ injected env (6) from .env // tip: ⌘ multiple files { path: ['.env.local', '.env'] }
Auto-starting local MongoDB service...
Database connected successfully!
Server is running on port: 7000
[31m[nodemon] app crashed - waiting for file changes before starting...[39m
